<?xml version="1.0" encoding="UTF-8"?>
<!-- Generated by org.testng.reporters.JUnitReportReporter -->
<testsuite hostname="SOUBHAGYA-PC" failures="0" tests="1" name="TestNG.GreenKartE2E.coreNavigator" time="2.591" errors="0" timestamp="2022-03-13T19:43:01 IST" skipped="0">
  <testcase classname="TestNG.GreenKartE2E.coreNavigator" name="PageNavigation" time="2.591"/>
  <system-out>
    <![CDATA[Selected vegetables are added to Cart
Vegetables in Cart are now checked-out
Coupon code is applied
Order is now placed successfully
Country code is selected as 'INDIA'
Agreement selected
Order is placed successfully - Now user redirected back to Home Page]]>
  </system-out>
</testsuite> <!-- TestNG.GreenKartE2E.coreNavigator -->
